<?xml version="1.0" encoding="UTF-8"?>
<testng-results skipped="0" failed="0" ignored="0" total="1" passed="1">
  <reporter-output>
  </reporter-output>
  <suite name="Test" duration-ms="2095" started-at="2021-11-25T08:59:21 EET" finished-at="2021-11-25T08:59:23 EET">
    <groups>
    </groups>
    <test name="Command line test" duration-ms="2095" started-at="2021-11-25T08:59:21 EET" finished-at="2021-11-25T08:59:23 EET">
      <class name="Test">
        <test-method status="PASS" signature="start()[pri:0, instance:Test@9816741]" name="start" duration-ms="1901" started-at="2021-11-25T08:59:21 EET" finished-at="2021-11-25T08:59:23 EET">
          <reporter-output>
          </reporter-output>
        </test-method> <!-- start -->
      </class> <!-- Test -->
    </test> <!-- Command line test -->
  </suite> <!-- Test -->
</testng-results>
